Using pre-set license
Built from '2021.3/staging' branch; Version is '2021.3.18f1 (3129e69bc0c7) revision 3221990'; Using compiler version '192829333'; Build Type 'Release'
OS: 'Windows 11  (10.0.22621) 64bit CoreSingleLanguage' Language: 'en' Physical Memory: 7829 MB
BatchMode: 1, IsHumanControllingUs: 0, StartBugReporterOnCrash: 0, Is64bit: 1, IsPro: 1

COMMAND LINE ARGUMENTS:
D:\Unity Hub\2021.3.18f1\Editor\Unity.exe
-adb2
-batchMode
-noUpm
-name
AssetImportWorker2
-projectPath
D:/Day Project len git
-logFile
Logs/AssetImportWorker2.log
-srvPort
64884
Successfully changed project path to: D:/Day Project len git
D:/Day Project len git
[UnityMemory] Configuration Parameters - Can be set up in boot.config
    "memorysetup-bucket-allocator-granularity=16"
    "memorysetup-bucket-allocator-bucket-count=8"
    "memorysetup-bucket-allocator-block-size=33554432"
    "memorysetup-bucket-allocator-block-count=8"
    "memorysetup-main-allocator-block-size=16777216"
    "memorysetup-thread-allocator-block-size=16777216"
    "memorysetup-gfx-main-allocator-block-size=16777216"
    "memorysetup-gfx-thread-allocator-block-size=16777216"
    "memorysetup-cache-allocator-block-size=4194304"
    "memorysetup-typetree-allocator-block-size=2097152"
    "memorysetup-profiler-bucket-allocator-granularity=16"
    "memorysetup-profiler-bucket-allocator-bucket-count=8"
    "memorysetup-profiler-bucket-allocator-block-size=33554432"
    "memorysetup-profiler-bucket-allocator-block-count=8"
    "memorysetup-profiler-allocator-block-size=16777216"
    "memorysetup-profiler-editor-allocator-block-size=1048576"
    "memorysetup-temp-allocator-size-main=16777216"
    "memorysetup-job-temp-allocator-block-size=2097152"
    "memorysetup-job-temp-allocator-block-size-background=1048576"
    "memorysetup-job-temp-allocator-reduction-small-platforms=262144"
    "memorysetup-temp-allocator-size-background-worker=32768"
    "memorysetup-temp-allocator-size-job-worker=262144"
    "memorysetup-temp-allocator-size-preload-manager=33554432"
    "memorysetup-temp-allocator-size-nav-mesh-worker=65536"
    "memorysetup-temp-allocator-size-audio-worker=65536"
    "memorysetup-temp-allocator-size-cloud-worker=32768"
    "memorysetup-temp-allocator-size-gi-baking-worker=262144"
    "memorysetup-temp-allocator-size-gfx=262144"
Player connection [1476] Host "[IP] 192.168.1.235 [Port] 0 [Flags] 2 [Guid] 1244651702 [EditorId] 1244651702 [Version] 1048832 [Id] WindowsEditor(7,DAI-LUONG) [Debug] 1 [PackageName] WindowsEditor [ProjectName] Editor" joined multi-casting on [225.0.0.222:54997]...

Player connection [1476] Host "[IP] 192.168.1.235 [Port] 0 [Flags] 2 [Guid] 1244651702 [EditorId] 1244651702 [Version] 1048832 [Id] WindowsEditor(7,DAI-LUONG) [Debug] 1 [PackageName] WindowsEditor [ProjectName] Editor" joined alternative multi-casting on [225.0.0.222:34997]...

Refreshing native plugins compatible for Editor in 114.07 ms, found 4 plugins.
Preloading 0 native plugins for Editor in 0.00 ms.
Initialize engine version: 2021.3.18f1 (3129e69bc0c7)
[Subsystems] Discovering subsystems at path D:/Unity Hub/2021.3.18f1/Editor/Data/Resources/UnitySubsystems
[Subsystems] Discovering subsystems at path D:/Day Project len git/Assets
GfxDevice: creating device client; threaded=0; jobified=0
Direct3D:
    Version:  Direct3D 11.0 [level 11.1]
    Renderer: NVIDIA GeForce RTX 3050 Laptop GPU (ID=0x25a2)
    Vendor:   NVIDIA
    VRAM:     3991 MB
    Driver:   30.0.15.1278
Initialize mono
Mono path[0] = 'D:/Unity Hub/2021.3.18f1/Editor/Data/Managed'
Mono path[1] = 'D:/Unity Hub/2021.3.18f1/Editor/Data/MonoBleedingEdge/lib/mono/unityjit-win32'
Mono config path = 'D:/Unity Hub/2021.3.18f1/Editor/Data/MonoBleedingEdge/etc'
Using monoOptions --debugger-agent=transport=dt_socket,embedding=1,server=y,suspend=n,address=127.0.0.1:56064
Begin MonoManager ReloadAssembly
Registering precompiled unity dll's ...
Register platform support module: D:/Unity Hub/2021.3.18f1/Editor/Data/PlaybackEngines/WebGLSupport/UnityEditor.WebGL.Extensions.dll
Register platform support module: D:/Unity Hub/2021.3.18f1/Editor/Data/PlaybackEngines/WindowsStandaloneSupport/UnityEditor.WindowsStandalone.Extensions.dll
Registered in 0.002724 seconds.
Native extension for WindowsStandalone target not found
Native extension for WebGL target not found
Refreshing native plugins compatible for Editor in 71.98 ms, found 4 plugins.
Preloading 0 native plugins for Editor in 0.00 ms.
Mono: successfully reloaded assembly
- Completed reload, in  0.602 seconds
Domain Reload Profiling:
	ReloadAssembly (603ms)
		BeginReloadAssembly (84ms)
			ExecutionOrderSort (0ms)
			DisableScriptedObjects (0ms)
			BackupInstance (0ms)
			ReleaseScriptingObjects (0ms)
			CreateAndSetChildDomain (1ms)
		EndReloadAssembly (410ms)
			LoadAssemblies (84ms)
			RebuildTransferFunctionScriptingTraits (0ms)
			SetupTypeCache (104ms)
			ReleaseScriptCaches (0ms)
			RebuildScriptCaches (23ms)
			SetupLoadedEditorAssemblies (239ms)
				LogAssemblyErrors (0ms)
				InitializePlatformSupportModulesInManaged (7ms)
				SetLoadedEditorAssemblies (0ms)
				RefreshPlugins (72ms)
				BeforeProcessingInitializeOnLoad (1ms)
				ProcessInitializeOnLoadAttributes (114ms)
				ProcessInitializeOnLoadMethodAttributes (44ms)
				AfterProcessingInitializeOnLoad (0ms)
				EditorAssembliesLoaded (0ms)
			ExecutionOrderSort2 (0ms)
			AwakeInstancesAfterBackupRestoration (0ms)
Platform modules already initialized, skipping
Registering precompiled user dll's ...
Registered in 0.015314 seconds.
Begin MonoManager ReloadAssembly
Symbol file LoadedFromMemory doesn't match image D:\Day Project len git\Library\PackageCache\com.unity.visualscripting@1.8.0\Editor\VisualScripting.Core\Dependencies\YamlDotNet\Unity.VisualScripting.YamlDotNet.dll
Symbol file LoadedFromMemory doesn't match image D:\Day Project len git\Library\PackageCache\com.unity.visualscripting@1.8.0\Editor\VisualScripting.Core\Dependencies\DotNetZip\Unity.VisualScripting.IonicZip.dll
Native extension for WindowsStandalone target not found
Native extension for WebGL target not found
Refreshing native plugins compatible for Editor in 69.26 ms, found 4 plugins.
Preloading 0 native plugins for Editor in 0.00 ms.
Mono: successfully reloaded assembly
- Completed reload, in  0.908 seconds
Domain Reload Profiling:
	ReloadAssembly (908ms)
		BeginReloadAssembly (92ms)
			ExecutionOrderSort (0ms)
			DisableScriptedObjects (5ms)
			BackupInstance (0ms)
			ReleaseScriptingObjects (0ms)
			CreateAndSetChildDomain (16ms)
		EndReloadAssembly (729ms)
			LoadAssemblies (89ms)
			RebuildTransferFunctionScriptingTraits (0ms)
			SetupTypeCache (187ms)
			ReleaseScriptCaches (1ms)
			RebuildScriptCaches (50ms)
			SetupLoadedEditorAssemblies (373ms)
				LogAssemblyErrors (0ms)
				InitializePlatformSupportModulesInManaged (3ms)
				SetLoadedEditorAssemblies (0ms)
				RefreshPlugins (69ms)
				BeforeProcessingInitializeOnLoad (71ms)
				ProcessInitializeOnLoadAttributes (187ms)
				ProcessInitializeOnLoadMethodAttributes (40ms)
				AfterProcessingInitializeOnLoad (2ms)
				EditorAssembliesLoaded (0ms)
			ExecutionOrderSort2 (0ms)
			AwakeInstancesAfterBackupRestoration (6ms)
Platform modules already initialized, skipping
========================================================================
Worker process is ready to serve import requests
Launched and connected shader compiler UnityShaderCompiler.exe after 0.04 seconds
Refreshing native plugins compatible for Editor in 0.54 ms, found 4 plugins.
Preloading 0 native plugins for Editor in 0.00 ms.
Unloading 3733 Unused Serialized files (Serialized files now loaded: 0)
Unloading 35 unused Assets / (56.5 KB). Loaded Objects now: 4192.
Memory consumption went from 142.5 MB to 142.4 MB.
Total: 2.751000 ms (FindLiveObjects: 0.237800 ms CreateObjectMapping: 0.105500 ms MarkObjects: 2.327500 ms  DeleteObjects: 0.079100 ms)

AssetImportParameters requested are different than current active one (requested -> active):
  custom:video-decoder-ogg-theora: a1e56fd34408186e4bbccfd4996cb3dc -> 
  custom:container-muxer-webm: aa71ff27fc2769a1b78a27578f13a17b -> 
  custom:container-demuxer-webm: 4f35f7cbe854078d1ac9338744f61a02 -> 
  custom:video-encoder-webm-vp8: eb34c28f22e8b96e1ab97ce403110664 -> 
  custom:video-codec-MediaFoundation-h265: 746d11721c4dcdbdad8f713fa42b33f4 -> 
  custom:audio-encoder-webm-vorbis: bf7c407c2cedff20999df2af8eb42d56 -> 
  custom:framework-win-MediaFoundation: 216162199b28c13a410421893ffa2e32 -> 
  custom:container-demuxer-ogg: 62fdf1f143b41e24485cea50d1cbac27 -> 
  custom:video-decoder-webm-vp8: 9c59270c3fd7afecdb556c50c9e8de78 -> 
  custom:audio-decoder-ogg-vorbis: bf7c407c2cedff20999df2af8eb42d56 -> 
========================================================================
Received Import Request.
  Time since last request: 153473.828092 seconds.
  path: Assets/png/1/Asset 21.png
  artifactKey: Guid(3c63b670005f7b2418ae99fc4f5e5b5b) Importer(815301076,1909f56bfc062723c751e8b465ee728b)
Start importing Assets/png/1/Asset 21.png using Guid(3c63b670005f7b2418ae99fc4f5e5b5b) Importer(815301076,1909f56bfc062723c751e8b465ee728b)  -> (artifact id: '4dd4d1636a7e4619b73e5f61ef2c2b8b') in 0.150137 seconds 
========================================================================
Received Import Request.
  Time since last request: 0.000034 seconds.
  path: Assets/png/1/Asset 24.png
  artifactKey: Guid(2f17d02535e89b246b946800c38c246a) Importer(815301076,1909f56bfc062723c751e8b465ee728b)
Start importing Assets/png/1/Asset 24.png using Guid(2f17d02535e89b246b946800c38c246a) Importer(815301076,1909f56bfc062723c751e8b465ee728b)  -> (artifact id: '2db17a5d3358c974c518120127cc816c') in 0.037380 seconds 
========================================================================
Received Import Request.
  Time since last request: 0.000051 seconds.
  path: Assets/png/1/Asset 30.png
  artifactKey: Guid(af981783cf591af4592ddeec211cf88d) Importer(815301076,1909f56bfc062723c751e8b465ee728b)
Start importing Assets/png/1/Asset 30.png using Guid(af981783cf591af4592ddeec211cf88d) Importer(815301076,1909f56bfc062723c751e8b465ee728b)  -> (artifact id: '811ed5e8be8ac5ae2f09023261695d91') in 0.029312 seconds 
========================================================================
Received Import Request.
  Time since last request: 0.000022 seconds.
  path: Assets/png/1/Asset 34.png
  artifactKey: Guid(05f1f801e69e23046a3dce4959b9768f) Importer(815301076,1909f56bfc062723c751e8b465ee728b)
Start importing Assets/png/1/Asset 34.png using Guid(05f1f801e69e23046a3dce4959b9768f) Importer(815301076,1909f56bfc062723c751e8b465ee728b)  -> (artifact id: 'd889f1eda4f281d7dbc0ce1d113d3d9b') in 0.029463 seconds 
========================================================================
Received Import Request.
  Time since last request: 0.000038 seconds.
  path: Assets/png/1/Asset 38.png
  artifactKey: Guid(5100a65d7fdc51845a3083fa63296406) Importer(815301076,1909f56bfc062723c751e8b465ee728b)
Start importing Assets/png/1/Asset 38.png using Guid(5100a65d7fdc51845a3083fa63296406) Importer(815301076,1909f56bfc062723c751e8b465ee728b)  -> (artifact id: '991502b09ba3992d99fdcef48a03a80d') in 0.028078 seconds 
========================================================================
Received Import Request.
  Time since last request: 0.000028 seconds.
  path: Assets/png/1/Asset 23.png
  artifactKey: Guid(4716d2afd3c20cb4c812bd2382cd8cec) Importer(815301076,1909f56bfc062723c751e8b465ee728b)
Start importing Assets/png/1/Asset 23.png using Guid(4716d2afd3c20cb4c812bd2382cd8cec) Importer(815301076,1909f56bfc062723c751e8b465ee728b)  -> (artifact id: '63026b79d671232c0ed63eaf25cbadfa') in 0.027654 seconds 
========================================================================
Received Import Request.
  Time since last request: 0.000028 seconds.
  path: Assets/png/1/Asset 32.png
  artifactKey: Guid(ffb1450685ba61249ac5dbd32cddfc13) Importer(815301076,1909f56bfc062723c751e8b465ee728b)
Start importing Assets/png/1/Asset 32.png using Guid(ffb1450685ba61249ac5dbd32cddfc13) Importer(815301076,1909f56bfc062723c751e8b465ee728b)  -> (artifact id: '8271c21dae8fa69c20aaf64a48a11244') in 0.025549 seconds 
========================================================================
Received Import Request.
  Time since last request: 0.000041 seconds.
  path: Assets/png/1/Asset 36.png
  artifactKey: Guid(c0b3fe55b5b57af41974dd74a104bd4c) Importer(815301076,1909f56bfc062723c751e8b465ee728b)
Start importing Assets/png/1/Asset 36.png using Guid(c0b3fe55b5b57af41974dd74a104bd4c) Importer(815301076,1909f56bfc062723c751e8b465ee728b)  -> (artifact id: 'e897914d4a3de8a72dcd7653db9e2a84') in 0.017613 seconds 
========================================================================
Received Import Request.
  Time since last request: 0.937492 seconds.
  path: Assets/png/2/Asset 21.png
  artifactKey: Guid(f4e83090093dadb47945afb6be1625d2) Importer(815301076,1909f56bfc062723c751e8b465ee728b)
Start importing Assets/png/2/Asset 21.png using Guid(f4e83090093dadb47945afb6be1625d2) Importer(815301076,1909f56bfc062723c751e8b465ee728b)  -> (artifact id: 'a9ef0e0cfd8b79afda4542a7f97fb284') in 0.026487 seconds 
========================================================================
Received Import Request.
  Time since last request: 0.000028 seconds.
  path: Assets/png/2/Asset 30.png
  artifactKey: Guid(534e5dcb22e295c47bb1bd84dcf6789c) Importer(815301076,1909f56bfc062723c751e8b465ee728b)
Start importing Assets/png/2/Asset 30.png using Guid(534e5dcb22e295c47bb1bd84dcf6789c) Importer(815301076,1909f56bfc062723c751e8b465ee728b)  -> (artifact id: 'edc4ab3bae05e60935c572840ee3671b') in 0.031774 seconds 
========================================================================
Received Import Request.
  Time since last request: 0.000042 seconds.
  path: Assets/png/2/Asset 37.png
  artifactKey: Guid(4cfa1ffab7e41c64f9a605ffed13ad8e) Importer(815301076,1909f56bfc062723c751e8b465ee728b)
Start importing Assets/png/2/Asset 37.png using Guid(4cfa1ffab7e41c64f9a605ffed13ad8e) Importer(815301076,1909f56bfc062723c751e8b465ee728b)  -> (artifact id: 'a7b718de4940495b13b3c97c4041ec02') in 0.019569 seconds 
========================================================================
Received Import Request.
  Time since last request: 0.000044 seconds.
  path: Assets/png/2/Asset 24.png
  artifactKey: Guid(fe82f5ef7cf8f2c4e8f38a3757271bf2) Importer(815301076,1909f56bfc062723c751e8b465ee728b)
Start importing Assets/png/2/Asset 24.png using Guid(fe82f5ef7cf8f2c4e8f38a3757271bf2) Importer(815301076,1909f56bfc062723c751e8b465ee728b)  -> (artifact id: 'a76769a0ac025840c559f700f425053c') in 0.025809 seconds 
========================================================================
Received Import Request.
  Time since last request: 0.000039 seconds.
  path: Assets/png/2/Asset 38.png
  artifactKey: Guid(e5bc53bd0398ed7468d8c5a056976317) Importer(815301076,1909f56bfc062723c751e8b465ee728b)
Start importing Assets/png/2/Asset 38.png using Guid(e5bc53bd0398ed7468d8c5a056976317) Importer(815301076,1909f56bfc062723c751e8b465ee728b)  -> (artifact id: '5f04ddf6b5a96dc524e46c556aac0655') in 0.016980 seconds 
========================================================================
Received Import Request.
  Time since last request: 0.000021 seconds.
  path: Assets/png/2/Asset 36.png
  artifactKey: Guid(ffdfe65a066724842ac3d6bec5b9bb89) Importer(815301076,1909f56bfc062723c751e8b465ee728b)
Start importing Assets/png/2/Asset 36.png using Guid(ffdfe65a066724842ac3d6bec5b9bb89) Importer(815301076,1909f56bfc062723c751e8b465ee728b)  -> (artifact id: 'ea01c5cb35c46d2e9d78a472a9cf8059') in 0.018622 seconds 
========================================================================
Received Import Request.
  Time since last request: 0.000037 seconds.
  path: Assets/png/2/Asset 25.png
  artifactKey: Guid(0a6c1df65c848f040b74c947ba26663b) Importer(815301076,1909f56bfc062723c751e8b465ee728b)
Start importing Assets/png/2/Asset 25.png using Guid(0a6c1df65c848f040b74c947ba26663b) Importer(815301076,1909f56bfc062723c751e8b465ee728b)  -> (artifact id: '7681ce4675cadbd6a272eccc40fe9aa7') in 0.027879 seconds 
========================================================================
Received Import Request.
  Time since last request: 0.000033 seconds.
  path: Assets/png/2/Asset 31.png
  artifactKey: Guid(f6f4225779b7077448867f12235f6d1d) Importer(815301076,1909f56bfc062723c751e8b465ee728b)
Start importing Assets/png/2/Asset 31.png using Guid(f6f4225779b7077448867f12235f6d1d) Importer(815301076,1909f56bfc062723c751e8b465ee728b)  -> (artifact id: '408afb7a53da86bf034f6f6480eeeae0') in 0.032690 seconds 
========================================================================
Received Import Request.
  Time since last request: 0.000047 seconds.
  path: Assets/png/2/Asset 35.png
  artifactKey: Guid(b8976793196fa774db7bc3dff3058121) Importer(815301076,1909f56bfc062723c751e8b465ee728b)
Start importing Assets/png/2/Asset 35.png using Guid(b8976793196fa774db7bc3dff3058121) Importer(815301076,1909f56bfc062723c751e8b465ee728b)  -> (artifact id: 'bb269881f5c78a005be8af73935553fa') in 0.018736 seconds 
========================================================================
Received Import Request.
  Time since last request: 0.375989 seconds.
  path: Assets/png/3/Asset 21.png
  artifactKey: Guid(4aca96cb2de1194479ea6b693afd3e6d) Importer(815301076,1909f56bfc062723c751e8b465ee728b)
Start importing Assets/png/3/Asset 21.png using Guid(4aca96cb2de1194479ea6b693afd3e6d) Importer(815301076,1909f56bfc062723c751e8b465ee728b)  -> (artifact id: '084ddda329a2ce295265f1ddd4ae3d0c') in 0.028233 seconds 
========================================================================
Received Import Request.
  Time since last request: 0.000022 seconds.
  path: Assets/png/3/Asset 26.png
  artifactKey: Guid(5f7bd5a21ffb8404290d3c52942bb405) Importer(815301076,1909f56bfc062723c751e8b465ee728b)
Start importing Assets/png/3/Asset 26.png using Guid(5f7bd5a21ffb8404290d3c52942bb405) Importer(815301076,1909f56bfc062723c751e8b465ee728b)  -> (artifact id: '5438e19a9fccf882fa3e4e7d5f727a62') in 0.023334 seconds 
========================================================================
Received Import Request.
  Time since last request: 0.000026 seconds.
  path: Assets/png/3/Asset 33.png
  artifactKey: Guid(44cd872946337a04bb120e3700722bea) Importer(815301076,1909f56bfc062723c751e8b465ee728b)
Start importing Assets/png/3/Asset 33.png using Guid(44cd872946337a04bb120e3700722bea) Importer(815301076,1909f56bfc062723c751e8b465ee728b)  -> (artifact id: 'a47d6b99c3e747053fa94afd66c36842') in 0.019344 seconds 
========================================================================
Received Import Request.
  Time since last request: 0.000043 seconds.
  path: Assets/png/3/Asset 27.png
  artifactKey: Guid(30ad243210f8feb4481a77bc22ff3b4e) Importer(815301076,1909f56bfc062723c751e8b465ee728b)
Start importing Assets/png/3/Asset 27.png using Guid(30ad243210f8feb4481a77bc22ff3b4e) Importer(815301076,1909f56bfc062723c751e8b465ee728b)  -> (artifact id: '1e57996167c7fcb72f42fe38fda452ae') in 0.032028 seconds 
========================================================================
Received Import Request.
  Time since last request: 0.000035 seconds.
  path: Assets/png/3/Asset 32.png
  artifactKey: Guid(4f34964d99c004149b23b8e8a7cb9890) Importer(815301076,1909f56bfc062723c751e8b465ee728b)
Start importing Assets/png/3/Asset 32.png using Guid(4f34964d99c004149b23b8e8a7cb9890) Importer(815301076,1909f56bfc062723c751e8b465ee728b)  -> (artifact id: '56dea0d6e14cb431b180042479e75d59') in 0.024028 seconds 
========================================================================
Received Import Request.
  Time since last request: 0.000039 seconds.
  path: Assets/png/3/Asset 30.png
  artifactKey: Guid(715dfac78f1b7294e8921cf957200d16) Importer(815301076,1909f56bfc062723c751e8b465ee728b)
Start importing Assets/png/3/Asset 30.png using Guid(715dfac78f1b7294e8921cf957200d16) Importer(815301076,1909f56bfc062723c751e8b465ee728b)  -> (artifact id: '9ef6680f8d61a167aec49638e157906f') in 0.028519 seconds 
========================================================================
Received Import Request.
  Time since last request: 0.000028 seconds.
  path: Assets/png/3/Asset 31.png
  artifactKey: Guid(7fb0e426dbc0fe747924492d5b2608bc) Importer(815301076,1909f56bfc062723c751e8b465ee728b)
Start importing Assets/png/3/Asset 31.png using Guid(7fb0e426dbc0fe747924492d5b2608bc) Importer(815301076,1909f56bfc062723c751e8b465ee728b)  -> (artifact id: '3f4ec99eed5487ff01dc50ce58f61037') in 0.022642 seconds 
========================================================================
Received Import Request.
  Time since last request: 0.000046 seconds.
  path: Assets/png/3/Asset 35.png
  artifactKey: Guid(8c2c873a5d7645347b536780d09af182) Importer(815301076,1909f56bfc062723c751e8b465ee728b)
Start importing Assets/png/3/Asset 35.png using Guid(8c2c873a5d7645347b536780d09af182) Importer(815301076,1909f56bfc062723c751e8b465ee728b)  -> (artifact id: '027f329b4670f31c2d656c5cda8045b3') in 0.016830 seconds 
========================================================================
Received Import Request.
  Time since last request: 0.000036 seconds.
  path: Assets/png/3/Asset 25.png
  artifactKey: Guid(a3a88c8f9866e1343b81b73cf460afae) Importer(815301076,1909f56bfc062723c751e8b465ee728b)
Start importing Assets/png/3/Asset 25.png using Guid(a3a88c8f9866e1343b81b73cf460afae) Importer(815301076,1909f56bfc062723c751e8b465ee728b)  -> (artifact id: '6432d5647c30ad650967d13acbef9c2f') in 0.019938 seconds 
========================================================================
Received Import Request.
  Time since last request: 2.791556 seconds.
  path: Assets/png/Asset 21.png
  artifactKey: Guid(2158f68c615a34946b5e39a28dce7b3a) Importer(815301076,1909f56bfc062723c751e8b465ee728b)
Start importing Assets/png/Asset 21.png using Guid(2158f68c615a34946b5e39a28dce7b3a) Importer(815301076,1909f56bfc062723c751e8b465ee728b)  -> (artifact id: '9f563800d303366373b415fa3cb88a58') in 0.129128 seconds 
========================================================================
Received Import Request.
  Time since last request: 0.000034 seconds.
  path: Assets/png/Asset 24.png
  artifactKey: Guid(33289e52ea0b7b845b0fdeaac56ca413) Importer(815301076,1909f56bfc062723c751e8b465ee728b)
Start importing Assets/png/Asset 24.png using Guid(33289e52ea0b7b845b0fdeaac56ca413) Importer(815301076,1909f56bfc062723c751e8b465ee728b)  -> (artifact id: 'f0af453f740a1f9b4571815d35137dab') in 0.135274 seconds 
========================================================================
Received Import Request.
  Time since last request: 0.000058 seconds.
  path: Assets/png/Asset 29.png
  artifactKey: Guid(e32ac205b7a51ef43aa98a872a5b0647) Importer(815301076,1909f56bfc062723c751e8b465ee728b)
Start importing Assets/png/Asset 29.png using Guid(e32ac205b7a51ef43aa98a872a5b0647) Importer(815301076,1909f56bfc062723c751e8b465ee728b)  -> (artifact id: '2f058df35d5ea41ff52dd070ec38207d') in 0.105804 seconds 
========================================================================
Received Import Request.
  Time since last request: 0.000050 seconds.
  path: Assets/png/Asset 28.png
  artifactKey: Guid(d9b9863334ec33c48bd7dc3e9230f7fc) Importer(815301076,1909f56bfc062723c751e8b465ee728b)
Start importing Assets/png/Asset 28.png using Guid(d9b9863334ec33c48bd7dc3e9230f7fc) Importer(815301076,1909f56bfc062723c751e8b465ee728b)  -> (artifact id: '0f10ec64472440a5db71760254be48b6') in 0.084182 seconds 
