Using pre-set license
Built from '2021.3/staging' branch; Version is '2021.3.18f1 (3129e69bc0c7) revision 3221990'; Using compiler version '192829333'; Build Type 'Release'
OS: 'Windows 11  (10.0.22621) 64bit CoreSingleLanguage' Language: 'en' Physical Memory: 7829 MB
BatchMode: 1, IsHumanControllingUs: 0, StartBugReporterOnCrash: 0, Is64bit: 1, IsPro: 1

COMMAND LINE ARGUMENTS:
D:\Unity Hub\2021.3.18f1\Editor\Unity.exe
-adb2
-batchMode
-noUpm
-name
AssetImportWorker0
-projectPath
D:/Day Project len git
-logFile
Logs/AssetImportWorker0.log
-srvPort
59437
Successfully changed project path to: D:/Day Project len git
D:/Day Project len git
[UnityMemory] Configuration Parameters - Can be set up in boot.config
    "memorysetup-bucket-allocator-granularity=16"
    "memorysetup-bucket-allocator-bucket-count=8"
    "memorysetup-bucket-allocator-block-size=33554432"
    "memorysetup-bucket-allocator-block-count=8"
    "memorysetup-main-allocator-block-size=16777216"
    "memorysetup-thread-allocator-block-size=16777216"
    "memorysetup-gfx-main-allocator-block-size=16777216"
    "memorysetup-gfx-thread-allocator-block-size=16777216"
    "memorysetup-cache-allocator-block-size=4194304"
    "memorysetup-typetree-allocator-block-size=2097152"
    "memorysetup-profiler-bucket-allocator-granularity=16"
    "memorysetup-profiler-bucket-allocator-bucket-count=8"
    "memorysetup-profiler-bucket-allocator-block-size=33554432"
    "memorysetup-profiler-bucket-allocator-block-count=8"
    "memorysetup-profiler-allocator-block-size=16777216"
    "memorysetup-profiler-editor-allocator-block-size=1048576"
    "memorysetup-temp-allocator-size-main=16777216"
    "memorysetup-job-temp-allocator-block-size=2097152"
    "memorysetup-job-temp-allocator-block-size-background=1048576"
    "memorysetup-job-temp-allocator-reduction-small-platforms=262144"
    "memorysetup-temp-allocator-size-background-worker=32768"
    "memorysetup-temp-allocator-size-job-worker=262144"
    "memorysetup-temp-allocator-size-preload-manager=33554432"
    "memorysetup-temp-allocator-size-nav-mesh-worker=65536"
    "memorysetup-temp-allocator-size-audio-worker=65536"
    "memorysetup-temp-allocator-size-cloud-worker=32768"
    "memorysetup-temp-allocator-size-gi-baking-worker=262144"
    "memorysetup-temp-allocator-size-gfx=262144"
Player connection [16536] Host "[IP] 10.33.12.139 [Port] 0 [Flags] 2 [Guid] 1164019533 [EditorId] 1164019533 [Version] 1048832 [Id] WindowsEditor(7,DAI-LUONG) [Debug] 1 [PackageName] WindowsEditor [ProjectName] Editor" joined multi-casting on [225.0.0.222:54997]...

Player connection [16536] Host "[IP] 10.33.12.139 [Port] 0 [Flags] 2 [Guid] 1164019533 [EditorId] 1164019533 [Version] 1048832 [Id] WindowsEditor(7,DAI-LUONG) [Debug] 1 [PackageName] WindowsEditor [ProjectName] Editor" joined alternative multi-casting on [225.0.0.222:34997]...

Refreshing native plugins compatible for Editor in 71.05 ms, found 4 plugins.
Preloading 0 native plugins for Editor in 0.00 ms.
Initialize engine version: 2021.3.18f1 (3129e69bc0c7)
[Subsystems] Discovering subsystems at path D:/Unity Hub/2021.3.18f1/Editor/Data/Resources/UnitySubsystems
[Subsystems] Discovering subsystems at path D:/Day Project len git/Assets
GfxDevice: creating device client; threaded=0; jobified=0
Direct3D:
    Version:  Direct3D 11.0 [level 11.1]
    Renderer: NVIDIA GeForce RTX 3050 Laptop GPU (ID=0x25a2)
    Vendor:   NVIDIA
    VRAM:     3991 MB
    Driver:   30.0.15.1278
Initialize mono
Mono path[0] = 'D:/Unity Hub/2021.3.18f1/Editor/Data/Managed'
Mono path[1] = 'D:/Unity Hub/2021.3.18f1/Editor/Data/MonoBleedingEdge/lib/mono/unityjit-win32'
Mono config path = 'D:/Unity Hub/2021.3.18f1/Editor/Data/MonoBleedingEdge/etc'
Using monoOptions --debugger-agent=transport=dt_socket,embedding=1,server=y,suspend=n,address=127.0.0.1:56464
Begin MonoManager ReloadAssembly
Registering precompiled unity dll's ...
Register platform support module: D:/Unity Hub/2021.3.18f1/Editor/Data/PlaybackEngines/WebGLSupport/UnityEditor.WebGL.Extensions.dll
Register platform support module: D:/Unity Hub/2021.3.18f1/Editor/Data/PlaybackEngines/WindowsStandaloneSupport/UnityEditor.WindowsStandalone.Extensions.dll
Registered in 0.001742 seconds.
Native extension for WindowsStandalone target not found
Native extension for WebGL target not found
Refreshing native plugins compatible for Editor in 72.79 ms, found 4 plugins.
Preloading 0 native plugins for Editor in 0.00 ms.
Mono: successfully reloaded assembly
- Completed reload, in  0.577 seconds
Domain Reload Profiling:
	ReloadAssembly (578ms)
		BeginReloadAssembly (76ms)
			ExecutionOrderSort (0ms)
			DisableScriptedObjects (0ms)
			BackupInstance (0ms)
			ReleaseScriptingObjects (0ms)
			CreateAndSetChildDomain (1ms)
		EndReloadAssembly (412ms)
			LoadAssemblies (75ms)
			RebuildTransferFunctionScriptingTraits (0ms)
			SetupTypeCache (91ms)
			ReleaseScriptCaches (0ms)
			RebuildScriptCaches (25ms)
			SetupLoadedEditorAssemblies (254ms)
				LogAssemblyErrors (0ms)
				InitializePlatformSupportModulesInManaged (6ms)
				SetLoadedEditorAssemblies (0ms)
				RefreshPlugins (73ms)
				BeforeProcessingInitializeOnLoad (1ms)
				ProcessInitializeOnLoadAttributes (127ms)
				ProcessInitializeOnLoadMethodAttributes (47ms)
				AfterProcessingInitializeOnLoad (0ms)
				EditorAssembliesLoaded (0ms)
			ExecutionOrderSort2 (0ms)
			AwakeInstancesAfterBackupRestoration (0ms)
Platform modules already initialized, skipping
Registering precompiled user dll's ...
Registered in 0.004761 seconds.
Begin MonoManager ReloadAssembly
Symbol file LoadedFromMemory doesn't match image D:\Day Project len git\Library\PackageCache\com.unity.visualscripting@1.8.0\Editor\VisualScripting.Core\Dependencies\YamlDotNet\Unity.VisualScripting.YamlDotNet.dll
Symbol file LoadedFromMemory doesn't match image D:\Day Project len git\Library\PackageCache\com.unity.visualscripting@1.8.0\Editor\VisualScripting.Core\Dependencies\DotNetZip\Unity.VisualScripting.IonicZip.dll
Native extension for WindowsStandalone target not found
Native extension for WebGL target not found
Refreshing native plugins compatible for Editor in 97.62 ms, found 4 plugins.
Preloading 0 native plugins for Editor in 0.00 ms.
Mono: successfully reloaded assembly
- Completed reload, in  1.031 seconds
Domain Reload Profiling:
	ReloadAssembly (1032ms)
		BeginReloadAssembly (104ms)
			ExecutionOrderSort (0ms)
			DisableScriptedObjects (5ms)
			BackupInstance (0ms)
			ReleaseScriptingObjects (0ms)
			CreateAndSetChildDomain (19ms)
		EndReloadAssembly (826ms)
			LoadAssemblies (86ms)
			RebuildTransferFunctionScriptingTraits (0ms)
			SetupTypeCache (218ms)
			ReleaseScriptCaches (1ms)
			RebuildScriptCaches (51ms)
			SetupLoadedEditorAssemblies (442ms)
				LogAssemblyErrors (0ms)
				InitializePlatformSupportModulesInManaged (3ms)
				SetLoadedEditorAssemblies (0ms)
				RefreshPlugins (98ms)
				BeforeProcessingInitializeOnLoad (81ms)
				ProcessInitializeOnLoadAttributes (220ms)
				ProcessInitializeOnLoadMethodAttributes (37ms)
				AfterProcessingInitializeOnLoad (2ms)
				EditorAssembliesLoaded (0ms)
			ExecutionOrderSort2 (0ms)
			AwakeInstancesAfterBackupRestoration (9ms)
Platform modules already initialized, skipping
========================================================================
Worker process is ready to serve import requests
Launched and connected shader compiler UnityShaderCompiler.exe after 0.05 seconds
Refreshing native plugins compatible for Editor in 0.69 ms, found 4 plugins.
Preloading 0 native plugins for Editor in 0.00 ms.
Unloading 3740 Unused Serialized files (Serialized files now loaded: 0)
Unloading 35 unused Assets / (56.1 KB). Loaded Objects now: 4200.
Memory consumption went from 142.8 MB to 142.8 MB.
Total: 4.032500 ms (FindLiveObjects: 0.351500 ms CreateObjectMapping: 0.126000 ms MarkObjects: 3.453600 ms  DeleteObjects: 0.099500 ms)

AssetImportParameters requested are different than current active one (requested -> active):
  custom:video-decoder-ogg-theora: a1e56fd34408186e4bbccfd4996cb3dc -> 
  custom:container-muxer-webm: aa71ff27fc2769a1b78a27578f13a17b -> 
  custom:container-demuxer-webm: 4f35f7cbe854078d1ac9338744f61a02 -> 
  custom:video-encoder-webm-vp8: eb34c28f22e8b96e1ab97ce403110664 -> 
  custom:video-codec-MediaFoundation-h265: 746d11721c4dcdbdad8f713fa42b33f4 -> 
  custom:audio-encoder-webm-vorbis: bf7c407c2cedff20999df2af8eb42d56 -> 
  custom:framework-win-MediaFoundation: 216162199b28c13a410421893ffa2e32 -> 
  custom:container-demuxer-ogg: 62fdf1f143b41e24485cea50d1cbac27 -> 
  custom:video-decoder-webm-vp8: 9c59270c3fd7afecdb556c50c9e8de78 -> 
  custom:audio-decoder-ogg-vorbis: bf7c407c2cedff20999df2af8eb42d56 -> 
========================================================================
Received Import Request.
  Time since last request: 3288.334704 seconds.
  path: Assets/Hero/EVil Wizard
  artifactKey: Guid(35fe24a5f61a43d498d67bfdb490361b) Importer(815301076,1909f56bfc062723c751e8b465ee728b)
Start importing Assets/Hero/EVil Wizard using Guid(35fe24a5f61a43d498d67bfdb490361b) Importer(815301076,1909f56bfc062723c751e8b465ee728b)  -> (artifact id: '5079e8de3183cd5963734dbd1c576b33') in 0.011667 seconds 
========================================================================
Received Import Request.
  Time since last request: 9.224977 seconds.
  path: Assets/Hero/EVil Wizard/License.txt
  artifactKey: Guid(f8486aacc4624a24ba5ad1f5b2a5e1ae) Importer(815301076,1909f56bfc062723c751e8b465ee728b)
Start importing Assets/Hero/EVil Wizard/License.txt using Guid(f8486aacc4624a24ba5ad1f5b2a5e1ae) Importer(815301076,1909f56bfc062723c751e8b465ee728b)  -> (artifact id: '0d5288cd7f3b8d6b503ef2d7adb955a2') in 0.029537 seconds 
========================================================================
Received Import Request.
  Time since last request: 20.995817 seconds.
  path: Assets/Hero/EVil Wizard/Sprites
  artifactKey: Guid(299182c644c31024da1bf4ffad9def11) Importer(815301076,1909f56bfc062723c751e8b465ee728b)
Start importing Assets/Hero/EVil Wizard/Sprites using Guid(299182c644c31024da1bf4ffad9def11) Importer(815301076,1909f56bfc062723c751e8b465ee728b)  -> (artifact id: '6484b2468bde4af6b26836cd923b307b') in 0.002001 seconds 
========================================================================
Received Import Request.
  Time since last request: 0.071437 seconds.
  path: Assets/Hero/EVil Wizard/Sprites/Attack.png
  artifactKey: Guid(d6b8c791d8089b44a9a8c5a7423bd180) Importer(815301076,1909f56bfc062723c751e8b465ee728b)
Start importing Assets/Hero/EVil Wizard/Sprites/Attack.png using Guid(d6b8c791d8089b44a9a8c5a7423bd180) Importer(815301076,1909f56bfc062723c751e8b465ee728b)  -> (artifact id: 'd15ba16d2785f7ea4f4aff5121c088a1') in 0.120739 seconds 
========================================================================
Received Import Request.
  Time since last request: 0.000029 seconds.
  path: Assets/Hero/EVil Wizard/Sprites/Take Hit.png
  artifactKey: Guid(d8958855ae433194aae8dc9ee0b23e89) Importer(815301076,1909f56bfc062723c751e8b465ee728b)
Start importing Assets/Hero/EVil Wizard/Sprites/Take Hit.png using Guid(d8958855ae433194aae8dc9ee0b23e89) Importer(815301076,1909f56bfc062723c751e8b465ee728b)  -> (artifact id: '85bb80e89bb2f3e656a7e69c26ee2ff0') in 0.037157 seconds 
========================================================================
Received Import Request.
  Time since last request: 0.000042 seconds.
  path: Assets/Hero/EVil Wizard/Sprites/Idle.png
  artifactKey: Guid(6fc66c021eec74942b4e71a3fde4dc04) Importer(815301076,1909f56bfc062723c751e8b465ee728b)
Start importing Assets/Hero/EVil Wizard/Sprites/Idle.png using Guid(6fc66c021eec74942b4e71a3fde4dc04) Importer(815301076,1909f56bfc062723c751e8b465ee728b)  -> (artifact id: '148e1b70d4ffb49339b540b88c4640d1') in 0.063713 seconds 
========================================================================
Received Import Request.
  Time since last request: 20.578001 seconds.
  path: Assets/png/1/Asset 22.png
  artifactKey: Guid(6f439bc3ade892649a2641bf20aa0075) Importer(815301076,1909f56bfc062723c751e8b465ee728b)
Start importing Assets/png/1/Asset 22.png using Guid(6f439bc3ade892649a2641bf20aa0075) Importer(815301076,1909f56bfc062723c751e8b465ee728b)  -> (artifact id: 'ccca0cdf777049a886f8cdc7e269342f') in 0.036563 seconds 
========================================================================
Received Import Request.
  Time since last request: 0.000030 seconds.
  path: Assets/png/1/Asset 31.png
  artifactKey: Guid(792e97bba6ec9c74396ef7c77ef8a3ee) Importer(815301076,1909f56bfc062723c751e8b465ee728b)
Start importing Assets/png/1/Asset 31.png using Guid(792e97bba6ec9c74396ef7c77ef8a3ee) Importer(815301076,1909f56bfc062723c751e8b465ee728b)  -> (artifact id: 'c9bb346622bc5d9da7dbccfd70f8c8cf') in 0.043137 seconds 
========================================================================
Received Import Request.
  Time since last request: 0.000018 seconds.
  path: Assets/png/1/Asset 37.png
  artifactKey: Guid(035caf1c3f0e38648b7faf21be696f03) Importer(815301076,1909f56bfc062723c751e8b465ee728b)
Start importing Assets/png/1/Asset 37.png using Guid(035caf1c3f0e38648b7faf21be696f03) Importer(815301076,1909f56bfc062723c751e8b465ee728b)  -> (artifact id: 'eb0dea66f3d290f18c8b410e7fc82dea') in 0.047822 seconds 
========================================================================
Received Import Request.
  Time since last request: 0.000032 seconds.
  path: Assets/png/1/Asset 26.png
  artifactKey: Guid(09649b201043ed7458b1b7c2f4ac08db) Importer(815301076,1909f56bfc062723c751e8b465ee728b)
Start importing Assets/png/1/Asset 26.png using Guid(09649b201043ed7458b1b7c2f4ac08db) Importer(815301076,1909f56bfc062723c751e8b465ee728b)  -> (artifact id: 'f0067ffeddc3d345b24630e4570d8fcb') in 0.036097 seconds 
========================================================================
Received Import Request.
  Time since last request: 0.000030 seconds.
  path: Assets/png/1/Asset 34.png
  artifactKey: Guid(05f1f801e69e23046a3dce4959b9768f) Importer(815301076,1909f56bfc062723c751e8b465ee728b)
Start importing Assets/png/1/Asset 34.png using Guid(05f1f801e69e23046a3dce4959b9768f) Importer(815301076,1909f56bfc062723c751e8b465ee728b)  -> (artifact id: 'd889f1eda4f281d7dbc0ce1d113d3d9b') in 0.025938 seconds 
========================================================================
Received Import Request.
  Time since last request: 0.000018 seconds.
  path: Assets/png/1/Asset 27.png
  artifactKey: Guid(6c4849411cdb67f41b7c0d97204ba111) Importer(815301076,1909f56bfc062723c751e8b465ee728b)
Start importing Assets/png/1/Asset 27.png using Guid(6c4849411cdb67f41b7c0d97204ba111) Importer(815301076,1909f56bfc062723c751e8b465ee728b)  -> (artifact id: '2a376f54304e9766d68e85dea203b0a6') in 0.051053 seconds 
========================================================================
Received Import Request.
  Time since last request: 0.000025 seconds.
  path: Assets/png/1/Asset 36.png
  artifactKey: Guid(c0b3fe55b5b57af41974dd74a104bd4c) Importer(815301076,1909f56bfc062723c751e8b465ee728b)
Start importing Assets/png/1/Asset 36.png using Guid(c0b3fe55b5b57af41974dd74a104bd4c) Importer(815301076,1909f56bfc062723c751e8b465ee728b)  -> (artifact id: 'e897914d4a3de8a72dcd7653db9e2a84') in 0.032305 seconds 
