Using pre-set license
Built from '2021.3/staging' branch; Version is '2021.3.18f1 (3129e69bc0c7) revision 3221990'; Using compiler version '192829333'; Build Type 'Release'
OS: 'Windows 11  (10.0.22621) 64bit CoreSingleLanguage' Language: 'en' Physical Memory: 7829 MB
BatchMode: 1, IsHumanControllingUs: 0, StartBugReporterOnCrash: 0, Is64bit: 1, IsPro: 1

COMMAND LINE ARGUMENTS:
D:\Unity Hub\2021.3.18f1\Editor\Unity.exe
-adb2
-batchMode
-noUpm
-name
AssetImportWorker1
-projectPath
D:/Day Project len git
-logFile
Logs/AssetImportWorker1.log
-srvPort
59437
Successfully changed project path to: D:/Day Project len git
D:/Day Project len git
[UnityMemory] Configuration Parameters - Can be set up in boot.config
    "memorysetup-bucket-allocator-granularity=16"
    "memorysetup-bucket-allocator-bucket-count=8"
    "memorysetup-bucket-allocator-block-size=33554432"
    "memorysetup-bucket-allocator-block-count=8"
    "memorysetup-main-allocator-block-size=16777216"
    "memorysetup-thread-allocator-block-size=16777216"
    "memorysetup-gfx-main-allocator-block-size=16777216"
    "memorysetup-gfx-thread-allocator-block-size=16777216"
    "memorysetup-cache-allocator-block-size=4194304"
    "memorysetup-typetree-allocator-block-size=2097152"
    "memorysetup-profiler-bucket-allocator-granularity=16"
    "memorysetup-profiler-bucket-allocator-bucket-count=8"
    "memorysetup-profiler-bucket-allocator-block-size=33554432"
    "memorysetup-profiler-bucket-allocator-block-count=8"
    "memorysetup-profiler-allocator-block-size=16777216"
    "memorysetup-profiler-editor-allocator-block-size=1048576"
    "memorysetup-temp-allocator-size-main=16777216"
    "memorysetup-job-temp-allocator-block-size=2097152"
    "memorysetup-job-temp-allocator-block-size-background=1048576"
    "memorysetup-job-temp-allocator-reduction-small-platforms=262144"
    "memorysetup-temp-allocator-size-background-worker=32768"
    "memorysetup-temp-allocator-size-job-worker=262144"
    "memorysetup-temp-allocator-size-preload-manager=33554432"
    "memorysetup-temp-allocator-size-nav-mesh-worker=65536"
    "memorysetup-temp-allocator-size-audio-worker=65536"
    "memorysetup-temp-allocator-size-cloud-worker=32768"
    "memorysetup-temp-allocator-size-gi-baking-worker=262144"
    "memorysetup-temp-allocator-size-gfx=262144"
Player connection [7284] Host "[IP] 10.33.12.139 [Port] 0 [Flags] 2 [Guid] 1557950605 [EditorId] 1557950605 [Version] 1048832 [Id] WindowsEditor(7,DAI-LUONG) [Debug] 1 [PackageName] WindowsEditor [ProjectName] Editor" joined multi-casting on [225.0.0.222:54997]...

Player connection [7284] Host "[IP] 10.33.12.139 [Port] 0 [Flags] 2 [Guid] 1557950605 [EditorId] 1557950605 [Version] 1048832 [Id] WindowsEditor(7,DAI-LUONG) [Debug] 1 [PackageName] WindowsEditor [ProjectName] Editor" joined alternative multi-casting on [225.0.0.222:34997]...

Refreshing native plugins compatible for Editor in 71.65 ms, found 4 plugins.
Preloading 0 native plugins for Editor in 0.00 ms.
Initialize engine version: 2021.3.18f1 (3129e69bc0c7)
[Subsystems] Discovering subsystems at path D:/Unity Hub/2021.3.18f1/Editor/Data/Resources/UnitySubsystems
[Subsystems] Discovering subsystems at path D:/Day Project len git/Assets
GfxDevice: creating device client; threaded=0; jobified=0
Direct3D:
    Version:  Direct3D 11.0 [level 11.1]
    Renderer: NVIDIA GeForce RTX 3050 Laptop GPU (ID=0x25a2)
    Vendor:   NVIDIA
    VRAM:     3991 MB
    Driver:   30.0.15.1278
Initialize mono
Mono path[0] = 'D:/Unity Hub/2021.3.18f1/Editor/Data/Managed'
Mono path[1] = 'D:/Unity Hub/2021.3.18f1/Editor/Data/MonoBleedingEdge/lib/mono/unityjit-win32'
Mono config path = 'D:/Unity Hub/2021.3.18f1/Editor/Data/MonoBleedingEdge/etc'
Using monoOptions --debugger-agent=transport=dt_socket,embedding=1,server=y,suspend=n,address=127.0.0.1:56548
Begin MonoManager ReloadAssembly
Registering precompiled unity dll's ...
Register platform support module: D:/Unity Hub/2021.3.18f1/Editor/Data/PlaybackEngines/WebGLSupport/UnityEditor.WebGL.Extensions.dll
Register platform support module: D:/Unity Hub/2021.3.18f1/Editor/Data/PlaybackEngines/WindowsStandaloneSupport/UnityEditor.WindowsStandalone.Extensions.dll
Registered in 0.001640 seconds.
Native extension for WindowsStandalone target not found
Native extension for WebGL target not found
Refreshing native plugins compatible for Editor in 73.70 ms, found 4 plugins.
Preloading 0 native plugins for Editor in 0.00 ms.
Mono: successfully reloaded assembly
- Completed reload, in  0.575 seconds
Domain Reload Profiling:
	ReloadAssembly (576ms)
		BeginReloadAssembly (77ms)
			ExecutionOrderSort (0ms)
			DisableScriptedObjects (0ms)
			BackupInstance (0ms)
			ReleaseScriptingObjects (0ms)
			CreateAndSetChildDomain (2ms)
		EndReloadAssembly (409ms)
			LoadAssemblies (76ms)
			RebuildTransferFunctionScriptingTraits (0ms)
			SetupTypeCache (90ms)
			ReleaseScriptCaches (0ms)
			RebuildScriptCaches (25ms)
			SetupLoadedEditorAssemblies (252ms)
				LogAssemblyErrors (0ms)
				InitializePlatformSupportModulesInManaged (7ms)
				SetLoadedEditorAssemblies (0ms)
				RefreshPlugins (74ms)
				BeforeProcessingInitializeOnLoad (1ms)
				ProcessInitializeOnLoadAttributes (123ms)
				ProcessInitializeOnLoadMethodAttributes (46ms)
				AfterProcessingInitializeOnLoad (0ms)
				EditorAssembliesLoaded (0ms)
			ExecutionOrderSort2 (0ms)
			AwakeInstancesAfterBackupRestoration (0ms)
Platform modules already initialized, skipping
Registering precompiled user dll's ...
Registered in 0.004558 seconds.
Begin MonoManager ReloadAssembly
Symbol file LoadedFromMemory doesn't match image D:\Day Project len git\Library\PackageCache\com.unity.visualscripting@1.8.0\Editor\VisualScripting.Core\Dependencies\YamlDotNet\Unity.VisualScripting.YamlDotNet.dll
Symbol file LoadedFromMemory doesn't match image D:\Day Project len git\Library\PackageCache\com.unity.visualscripting@1.8.0\Editor\VisualScripting.Core\Dependencies\DotNetZip\Unity.VisualScripting.IonicZip.dll
Native extension for WindowsStandalone target not found
Native extension for WebGL target not found
Refreshing native plugins compatible for Editor in 85.10 ms, found 4 plugins.
Preloading 0 native plugins for Editor in 0.00 ms.
Mono: successfully reloaded assembly
- Completed reload, in  1.026 seconds
Domain Reload Profiling:
	ReloadAssembly (1027ms)
		BeginReloadAssembly (105ms)
			ExecutionOrderSort (0ms)
			DisableScriptedObjects (5ms)
			BackupInstance (0ms)
			ReleaseScriptingObjects (0ms)
			CreateAndSetChildDomain (18ms)
		EndReloadAssembly (822ms)
			LoadAssemblies (87ms)
			RebuildTransferFunctionScriptingTraits (0ms)
			SetupTypeCache (222ms)
			ReleaseScriptCaches (1ms)
			RebuildScriptCaches (50ms)
			SetupLoadedEditorAssemblies (428ms)
				LogAssemblyErrors (0ms)
				InitializePlatformSupportModulesInManaged (5ms)
				SetLoadedEditorAssemblies (0ms)
				RefreshPlugins (85ms)
				BeforeProcessingInitializeOnLoad (79ms)
				ProcessInitializeOnLoadAttributes (222ms)
				ProcessInitializeOnLoadMethodAttributes (35ms)
				AfterProcessingInitializeOnLoad (2ms)
				EditorAssembliesLoaded (0ms)
			ExecutionOrderSort2 (0ms)
			AwakeInstancesAfterBackupRestoration (10ms)
Platform modules already initialized, skipping
========================================================================
Worker process is ready to serve import requests
Launched and connected shader compiler UnityShaderCompiler.exe after 0.04 seconds
Refreshing native plugins compatible for Editor in 0.68 ms, found 4 plugins.
Preloading 0 native plugins for Editor in 0.00 ms.
Unloading 3740 Unused Serialized files (Serialized files now loaded: 0)
Unloading 35 unused Assets / (56.1 KB). Loaded Objects now: 4200.
Memory consumption went from 142.9 MB to 142.8 MB.
Total: 3.936600 ms (FindLiveObjects: 0.448900 ms CreateObjectMapping: 0.283000 ms MarkObjects: 3.117700 ms  DeleteObjects: 0.085900 ms)

AssetImportParameters requested are different than current active one (requested -> active):
  custom:video-decoder-ogg-theora: a1e56fd34408186e4bbccfd4996cb3dc -> 
  custom:container-muxer-webm: aa71ff27fc2769a1b78a27578f13a17b -> 
  custom:container-demuxer-webm: 4f35f7cbe854078d1ac9338744f61a02 -> 
  custom:video-encoder-webm-vp8: eb34c28f22e8b96e1ab97ce403110664 -> 
  custom:video-codec-MediaFoundation-h265: 746d11721c4dcdbdad8f713fa42b33f4 -> 
  custom:audio-encoder-webm-vorbis: bf7c407c2cedff20999df2af8eb42d56 -> 
  custom:framework-win-MediaFoundation: 216162199b28c13a410421893ffa2e32 -> 
  custom:container-demuxer-ogg: 62fdf1f143b41e24485cea50d1cbac27 -> 
  custom:video-decoder-webm-vp8: 9c59270c3fd7afecdb556c50c9e8de78 -> 
  custom:audio-decoder-ogg-vorbis: bf7c407c2cedff20999df2af8eb42d56 -> 
========================================================================
Received Import Request.
  Time since last request: 3318.690982 seconds.
  path: Assets/Hero/EVil Wizard/Sprites/Death.png
  artifactKey: Guid(9d1b202d2fb768a45a36389da710721f) Importer(815301076,1909f56bfc062723c751e8b465ee728b)
Start importing Assets/Hero/EVil Wizard/Sprites/Death.png using Guid(9d1b202d2fb768a45a36389da710721f) Importer(815301076,1909f56bfc062723c751e8b465ee728b)  -> (artifact id: 'd596dc3441b8699c26ed2497f01186f4') in 0.147200 seconds 
========================================================================
Received Import Request.
  Time since last request: 0.000047 seconds.
  path: Assets/Hero/EVil Wizard/Sprites/Move.png
  artifactKey: Guid(a48b0037be4645c4c913e26853a053cf) Importer(815301076,1909f56bfc062723c751e8b465ee728b)
Start importing Assets/Hero/EVil Wizard/Sprites/Move.png using Guid(a48b0037be4645c4c913e26853a053cf) Importer(815301076,1909f56bfc062723c751e8b465ee728b)  -> (artifact id: 'e65878b275203422028f3c60948dd263') in 0.069679 seconds 
========================================================================
Received Import Request.
  Time since last request: 20.574257 seconds.
  path: Assets/png/1/Asset 23.png
  artifactKey: Guid(4716d2afd3c20cb4c812bd2382cd8cec) Importer(815301076,1909f56bfc062723c751e8b465ee728b)
Start importing Assets/png/1/Asset 23.png using Guid(4716d2afd3c20cb4c812bd2382cd8cec) Importer(815301076,1909f56bfc062723c751e8b465ee728b)  -> (artifact id: '63026b79d671232c0ed63eaf25cbadfa') in 0.035877 seconds 
========================================================================
Received Import Request.
  Time since last request: 0.000029 seconds.
  path: Assets/png/1/Asset 33.png
  artifactKey: Guid(948d20d2c8af8d94b86e19fcda56168e) Importer(815301076,1909f56bfc062723c751e8b465ee728b)
Start importing Assets/png/1/Asset 33.png using Guid(948d20d2c8af8d94b86e19fcda56168e) Importer(815301076,1909f56bfc062723c751e8b465ee728b)  -> (artifact id: '1458aa924cea85531af8a9cef0772fbd') in 0.036592 seconds 
========================================================================
Received Import Request.
  Time since last request: 0.000040 seconds.
  path: Assets/png/1/Asset 29.png
  artifactKey: Guid(86f0537b5c0e553488e17dbb9283f261) Importer(815301076,1909f56bfc062723c751e8b465ee728b)
Start importing Assets/png/1/Asset 29.png using Guid(86f0537b5c0e553488e17dbb9283f261) Importer(815301076,1909f56bfc062723c751e8b465ee728b)  -> (artifact id: '922bf690cbed20d3bfd8c62952752033') in 0.031667 seconds 
========================================================================
Received Import Request.
  Time since last request: 0.000019 seconds.
  path: Assets/png/1/Asset 24.png
  artifactKey: Guid(2f17d02535e89b246b946800c38c246a) Importer(815301076,1909f56bfc062723c751e8b465ee728b)
Start importing Assets/png/1/Asset 24.png using Guid(2f17d02535e89b246b946800c38c246a) Importer(815301076,1909f56bfc062723c751e8b465ee728b)  -> (artifact id: '2db17a5d3358c974c518120127cc816c') in 0.033074 seconds 
========================================================================
Received Import Request.
  Time since last request: 0.000028 seconds.
  path: Assets/png/1/Asset 28.png
  artifactKey: Guid(84ddc251e772d8143bb8e06783f234f0) Importer(815301076,1909f56bfc062723c751e8b465ee728b)
Start importing Assets/png/1/Asset 28.png using Guid(84ddc251e772d8143bb8e06783f234f0) Importer(815301076,1909f56bfc062723c751e8b465ee728b)  -> (artifact id: 'dee6b1af565c6ed3e1840f7a867ca429') in 0.050640 seconds 
========================================================================
Received Import Request.
  Time since last request: 0.000023 seconds.
  path: Assets/png/1/Asset 38.png
  artifactKey: Guid(5100a65d7fdc51845a3083fa63296406) Importer(815301076,1909f56bfc062723c751e8b465ee728b)
Start importing Assets/png/1/Asset 38.png using Guid(5100a65d7fdc51845a3083fa63296406) Importer(815301076,1909f56bfc062723c751e8b465ee728b)  -> (artifact id: '991502b09ba3992d99fdcef48a03a80d') in 0.043326 seconds 
========================================================================
Received Import Request.
  Time since last request: 0.000029 seconds.
  path: Assets/png/1/Asset 25.png
  artifactKey: Guid(f51004e2eabcac04e907fd12e2322632) Importer(815301076,1909f56bfc062723c751e8b465ee728b)
Start importing Assets/png/1/Asset 25.png using Guid(f51004e2eabcac04e907fd12e2322632) Importer(815301076,1909f56bfc062723c751e8b465ee728b)  -> (artifact id: '5a59cce8fde5ba0a8d89665d4c3b7e83') in 0.029583 seconds 
